<?xml version="1.0" encoding="UTF-8"?><testsuites><testsuite name="test" package="test" id="0" errors="0" failures="0" tests="2" skipped="0" ><testcase classname="doctest.rs" name="add (line 1)" time="$TIME"/><testcase classname="doctest.rs" name="add (line 5)" time="$TIME"/><system-out/><system-err/></testsuite></testsuites>
<?xml version="1.0" encoding="UTF-8"?><testsuites><testsuite name="test" package="test" id="0" errors="0" failures="0" tests="1" skipped="0" ><testcase classname="doctest.rs" name="add (line 9)" time="$TIME"/><system-out/><system-err/></testsuite></testsuites>
<report total_time="$TIME" compilation_time="$TIME"></report>
