error[E0204]: the trait `ConstParamTy_` cannot be implemented for this type
  --> $DIR/nested_bad_const_param_ty.rs:7:8
   |
LL | #[derive(ConstParamTy)]
   |          ------------ in this derive macro expansion
LL | struct Foo([*const u8; 1]);
   |        ^^^ -------------- this field does not implement `ConstParamTy_`
   |
note: the `ConstParamTy_` impl for `[*const u8; 1]` requires that `*const u8: ConstParamTy_`
  --> $DIR/nested_bad_const_param_ty.rs:7:12
   |
LL | struct Foo([*const u8; 1]);
   |            ^^^^^^^^^^^^^^

error[E0204]: the trait `ConstParamTy_` cannot be implemented for this type
  --> $DIR/nested_bad_const_param_ty.rs:11:8
   |
LL | #[derive(ConstParamTy)]
   |          ------------ in this derive macro expansion
LL | struct Foo2([*mut u8; 1]);
   |        ^^^^ ------------ this field does not implement `ConstParamTy_`
   |
note: the `ConstParamTy_` impl for `[*mut u8; 1]` requires that `*mut u8: ConstParamTy_`
  --> $DIR/nested_bad_const_param_ty.rs:11:13
   |
LL | struct Foo2([*mut u8; 1]);
   |             ^^^^^^^^^^^^

error[E0204]: the trait `ConstParamTy_` cannot be implemented for this type
  --> $DIR/nested_bad_const_param_ty.rs:15:8
   |
LL | #[derive(ConstParamTy)]
   |          ------------ in this derive macro expansion
LL | struct Foo3([fn(); 1]);
   |        ^^^^ --------- this field does not implement `ConstParamTy_`
   |
note: the `ConstParamTy_` impl for `[fn(); 1]` requires that `fn(): ConstParamTy_`
  --> $DIR/nested_bad_const_param_ty.rs:15:13
   |
LL | struct Foo3([fn(); 1]);
   |             ^^^^^^^^^

error: aborting due to 3 previous errors

For more information about this error, try `rustc --explain E0204`.
