
running 13 tests
test $DIR/dead-code-items.rs - A (line 35) - compile ... ok
test $DIR/dead-code-items.rs - A (line 91) - compile ... ok
test $DIR/dead-code-items.rs - A::field (line 42) - compile ... FAILED
test $DIR/dead-code-items.rs - A::method (line 97) - compile ... ok
test $DIR/dead-code-items.rs - C (line 25) - compile ... FAILED
test $DIR/dead-code-items.rs - Enum (line 73) - compile ... FAILED
test $DIR/dead-code-items.rs - Enum::Variant1 (line 80) - compile ... FAILED
test $DIR/dead-code-items.rs - MyTrait (line 106) - compile ... FAILED
test $DIR/dead-code-items.rs - MyTrait::my_trait_fn (line 113) - compile ... FAILED
test $DIR/dead-code-items.rs - S (line 17) - compile ... ok
test $DIR/dead-code-items.rs - U (line 51) - compile ... ok
test $DIR/dead-code-items.rs - U::field (line 58) - compile ... FAILED
test $DIR/dead-code-items.rs - U::field2 (line 64) - compile ... ok

failures:

---- $DIR/dead-code-items.rs - A::field (line 42) stdout ----
error: trait `DeadCodeInField` is never used
  --> $DIR/dead-code-items.rs:43:7
   |
LL | trait DeadCodeInField {}
   |       ^^^^^^^^^^^^^^^
   |
note: the lint level is defined here
  --> $DIR/dead-code-items.rs:41:9
   |
LL | #![deny(dead_code)]
   |         ^^^^^^^^^

error: aborting due to 1 previous error

Couldn't compile the test.
---- $DIR/dead-code-items.rs - C (line 25) stdout ----
error: unused variable: `unused_error`
  --> $DIR/dead-code-items.rs:26:5
   |
LL | let unused_error = 5;
   |     ^^^^^^^^^^^^ help: if this is intentional, prefix it with an underscore: `_unused_error`
   |
note: the lint level is defined here
  --> $DIR/dead-code-items.rs:23:9
   |
LL | #![deny(warnings)]
   |         ^^^^^^^^
   = note: `#[deny(unused_variables)]` implied by `#[deny(warnings)]`

error: aborting due to 1 previous error

Couldn't compile the test.
---- $DIR/dead-code-items.rs - Enum (line 73) stdout ----
error: unused variable: `not_dead_code_but_unused`
  --> $DIR/dead-code-items.rs:74:5
   |
LL | let not_dead_code_but_unused = 5;
   |     ^^^^^^^^^^^^^^^^^^^^^^^^ help: if this is intentional, prefix it with an underscore: `_not_dead_code_but_unused`
   |
note: the lint level is defined here
  --> $DIR/dead-code-items.rs:71:9
   |
LL | #![deny(warnings)]
   |         ^^^^^^^^
   = note: `#[deny(unused_variables)]` implied by `#[deny(warnings)]`

error: aborting due to 1 previous error

Couldn't compile the test.
---- $DIR/dead-code-items.rs - Enum::Variant1 (line 80) stdout ----
error: unused variable: `unused_in_variant`
  --> $DIR/dead-code-items.rs:83:17
   |
LL | fn main() { let unused_in_variant = 5; }
   |                 ^^^^^^^^^^^^^^^^^ help: if this is intentional, prefix it with an underscore: `_unused_in_variant`
   |
note: the lint level is defined here
  --> $DIR/dead-code-items.rs:78:9
   |
LL | #![deny(warnings)]
   |         ^^^^^^^^
   = note: `#[deny(unused_variables)]` implied by `#[deny(warnings)]`

error: aborting due to 1 previous error

Couldn't compile the test.
---- $DIR/dead-code-items.rs - MyTrait (line 106) stdout ----
error: trait `StillDeadCodeAtMyTrait` is never used
  --> $DIR/dead-code-items.rs:107:7
   |
LL | trait StillDeadCodeAtMyTrait { }
   |       ^^^^^^^^^^^^^^^^^^^^^^
   |
note: the lint level is defined here
  --> $DIR/dead-code-items.rs:105:9
   |
LL | #![deny(dead_code)]
   |         ^^^^^^^^^

error: aborting due to 1 previous error

Couldn't compile the test.
---- $DIR/dead-code-items.rs - MyTrait::my_trait_fn (line 113) stdout ----
error: unused variable: `unused_in_impl`
  --> $DIR/dead-code-items.rs:116:17
   |
LL | fn main() { let unused_in_impl = 5; }
   |                 ^^^^^^^^^^^^^^ help: if this is intentional, prefix it with an underscore: `_unused_in_impl`
   |
note: the lint level is defined here
  --> $DIR/dead-code-items.rs:111:9
   |
LL | #![deny(warnings)]
   |         ^^^^^^^^
   = note: `#[deny(unused_variables)]` implied by `#[deny(warnings)]`

error: aborting due to 1 previous error

Couldn't compile the test.
---- $DIR/dead-code-items.rs - U::field (line 58) stdout ----
error: trait `DeadCodeInUnionField` is never used
  --> $DIR/dead-code-items.rs:59:7
   |
LL | trait DeadCodeInUnionField {}
   |       ^^^^^^^^^^^^^^^^^^^^
   |
note: the lint level is defined here
  --> $DIR/dead-code-items.rs:57:9
   |
LL | #![deny(dead_code)]
   |         ^^^^^^^^^

error: aborting due to 1 previous error

Couldn't compile the test.

failures:
    $DIR/dead-code-items.rs - A::field (line 42)
    $DIR/dead-code-items.rs - C (line 25)
    $DIR/dead-code-items.rs - Enum (line 73)
    $DIR/dead-code-items.rs - Enum::Variant1 (line 80)
    $DIR/dead-code-items.rs - MyTrait (line 106)
    $DIR/dead-code-items.rs - MyTrait::my_trait_fn (line 113)
    $DIR/dead-code-items.rs - U::field (line 58)

test result: FAILED. 6 passed; 7 failed; 0 ignored; 0 measured; 0 filtered out; finished in $TIME

all doctests ran in $TIME; merged doctests compilation took $TIME
