error[E0277]: can't compare `Error` with `Error`
  --> $DIR/derives-span-PartialOrd-enum.rs:9:6
   |
LL |      Error
   |      ^^^^^ no implementation for `Error < Error` and `Error > Error`
   |
   = help: the trait `std::cmp::PartialOrd` is not implemented for `Error`
   = note: required by `std::cmp::PartialOrd::partial_cmp`
   = note: this error originates in a derive macro (in Nightly builds, run with -Z macro-backtrace for more info)

error[E0277]: can't compare `Error` with `Error`
  --> $DIR/derives-span-PartialOrd-enum.rs:9:6
   |
LL |      Error
   |      ^^^^^ no implementation for `Error < Error` and `Error > Error`
   |
   = help: the trait `std::cmp::PartialOrd` is not implemented for `Error`
   = note: required by `std::cmp::PartialOrd::partial_cmp`
   = note: this error originates in a derive macro (in Nightly builds, run with -Z macro-backtrace for more info)

error[E0277]: can't compare `Error` with `Error`
  --> $DIR/derives-span-PartialOrd-enum.rs:9:6
   |
LL |      Error
   |      ^^^^^ no implementation for `Error < Error` and `Error > Error`
   |
   = help: the trait `std::cmp::PartialOrd` is not implemented for `Error`
   = note: required by `std::cmp::PartialOrd::partial_cmp`
   = note: this error originates in a derive macro (in Nightly builds, run with -Z macro-backtrace for more info)

error[E0277]: can't compare `Error` with `Error`
  --> $DIR/derives-span-PartialOrd-enum.rs:9:6
   |
LL |      Error
   |      ^^^^^ no implementation for `Error < Error` and `Error > Error`
   |
   = help: the trait `std::cmp::PartialOrd` is not implemented for `Error`
   = note: required by `std::cmp::PartialOrd::partial_cmp`
   = note: this error originates in a derive macro (in Nightly builds, run with -Z macro-backtrace for more info)

error[E0277]: can't compare `Error` with `Error`
  --> $DIR/derives-span-PartialOrd-enum.rs:9:6
   |
LL |      Error
   |      ^^^^^ no implementation for `Error < Error` and `Error > Error`
   |
   = help: the trait `std::cmp::PartialOrd` is not implemented for `Error`
   = note: required by `std::cmp::PartialOrd::partial_cmp`
   = note: this error originates in a derive macro (in Nightly builds, run with -Z macro-backtrace for more info)

error: aborting due to 5 previous errors

For more information about this error, try `rustc --explain E0277`.
