error[E0277]: the trait bound `T: Copy` is not satisfied in `dyn Setup<From = T>`
  --> $DIR/dyn-incompatibility.rs:12:12
   |
LL |     copy::<dyn Setup<From=T>>(t)
   |            ^^^^^^^^^^^^^^^^^ within `dyn Setup<From = T>`, the trait `Copy` is not implemented for `T`
   |
   = note: required because it appears within the type `dyn Setup<From = T>`
note: required by a bound in `copy`
  --> $DIR/dyn-incompatibility.rs:7:12
   |
LL | fn copy<U: Setup + ?Sized>(from: &U::From) -> U::From {
   |            ^^^^^ required by this bound in `copy`
help: consider restricting type parameter `T` with trait `Copy`
   |
LL | pub fn copy_any<T: std::marker::Copy>(t: &T) -> T {
   |                  +++++++++++++++++++

error[E0277]: the trait bound `T: Copy` is not satisfied in `dyn Setup<From = T>`
  --> $DIR/dyn-incompatibility.rs:12:5
   |
LL |     copy::<dyn Setup<From=T>>(t)
   |     ^^^^^^^^^^^^^^^^^^^^^^^^^^^^ within `dyn Setup<From = T>`, the trait `Copy` is not implemented for `T`
   |
   = note: required because it appears within the type `dyn Setup<From = T>`
help: consider restricting type parameter `T` with trait `Copy`
   |
LL | pub fn copy_any<T: std::marker::Copy>(t: &T) -> T {
   |                  +++++++++++++++++++

error: aborting due to 2 previous errors

For more information about this error, try `rustc --explain E0277`.
