error[E0425]: cannot find value `hidden_ident` in this scope
  --> $DIR/weird-hygiene.rs:23:43
   |
LL |             Value = (stringify!($tokens + hidden_ident), 1).1
   |                                           ^^^^^^^^^^^^ not found in this scope
...
LL |     other!(50);
   |     ----------- in this macro invocation
   |
   = note: this error originates in a macro (in Nightly builds, run with -Z macro-backtrace for more info)

error[E0425]: cannot find value `hidden_ident` in this scope
  --> $DIR/weird-hygiene.rs:34:13
   |
LL |             hidden_ident
   |             ^^^^^^^^^^^^ not found in this scope
...
LL |     invoke_it!(25);
   |     --------------- in this macro invocation
   |
   = note: this error originates in a macro (in Nightly builds, run with -Z macro-backtrace for more info)

error: aborting due to 2 previous errors

For more information about this error, try `rustc --explain E0425`.
