<?xml version="1.0" encoding="UTF-8"?><testsuites><testsuite name="test" package="test" id="0" errors="0" failures="1" tests="4" skipped="1" ><testcase classname="unknown" name="a" time="$TIME"><system-out><![CDATA[print from successful test]]>&#xA;<![CDATA[]]></system-out></testcase><testcase classname="unknown" name="b" time="$TIME"><failure type="assert"/><system-out><![CDATA[print from failing test]]>&#xA;&#xA;<![CDATA[thread 'b' ($TID) panicked at f.rs:10:5:]]>&#xA;<![CDATA[assertion failed: false]]>&#xA;<![CDATA[note: run with `RUST_BACKTRACE=1` environment variable to display a backtrace]]>&#xA;<![CDATA[]]></system-out></testcase><testcase classname="unknown" name="c" time="$TIME"><system-out><![CDATA[]]>&#xA;<![CDATA[thread 'c' ($TID) panicked at f.rs:16:5:]]>&#xA;<![CDATA[assertion failed: false]]>&#xA;<![CDATA[]]></system-out></testcase><system-out/><system-err/></testsuite></testsuites>
