error[E0599]: no method named `bat` found for type `Foo` in the current scope
  --> $DIR/suggest-methods.rs:18:7
   |
LL | struct Foo;
   | ----------- method `bat` not found for this
...
LL |     f.bat(1.0);
   |       ^^^ help: did you mean: `bar`

error[E0599]: no method named `is_emtpy` found for type `std::string::String` in the current scope
  --> $DIR/suggest-methods.rs:21:15
   |
LL |     let _ = s.is_emtpy();
   |               ^^^^^^^^ help: did you mean: `is_empty`

error[E0599]: no method named `count_eos` found for type `u32` in the current scope
  --> $DIR/suggest-methods.rs:25:19
   |
LL |     let _ = 63u32.count_eos();
   |                   ^^^^^^^^^ help: did you mean: `count_zeros`

error[E0599]: no method named `count_o` found for type `u32` in the current scope
  --> $DIR/suggest-methods.rs:28:19
   |
LL |     let _ = 63u32.count_o();
   |                   ^^^^^^^

error: aborting due to 4 previous errors

For more information about this error, try `rustc --explain E0599`.
